<?xml version="1.0" encoding="UTF-8"?>
<testsuite name="bjetpro.EmployeeNameAutofill" tests="2" skipped="0" failures="0" errors="0" timestamp="2022-09-27T16:03:56" hostname="artem-ThinkPad-T15-Gen-2i" time="3.417">
  <properties/>
  <testcase name="autofillNameSurnamePatronymic()" classname="bjetpro.EmployeeNameAutofill" time="1.964"/>
  <testcase name="autofillNameSurnamePatronymic2()" classname="bjetpro.EmployeeNameAutofill" time="1.452"/>
  <system-out><![CDATA[]]></system-out>
  <system-err><![CDATA[[Test worker] INFO io.github.bonigarcia.wdm.WebDriverManager - Using chromedriver 105.0.5195.52 (resolved driver for Chrome 105)
[Test worker] INFO io.github.bonigarcia.wdm.WebDriverManager - Exporting webdriver.chrome.driver as /home/artem/.cache/selenium/chromedriver/linux64/105.0.5195.52/chromedriver
Starting ChromeDriver 105.0.5195.52 (412c95e518836d8a7d97250d62b29c2ae6a26a85-refs/branch-heads/5195@{#853}) on port 32278
Only local connections are allowed.
Please see https://chromedriver.chromium.org/security-considerations for suggestions on keeping ChromeDriver safe.
ChromeDriver was started successfully.
вер. 27, 2022 7:03:54 ПП org.openqa.selenium.remote.ProtocolHandshake createSession
INFO: Detected dialect: W3C
]]></system-err>
</testsuite>
